<?xml version="1.0" encoding="UTF-8"?>
<!-- Generated by org.testng.reporters.JUnitReportReporter -->
<testsuite skipped="0" hostname="DESKTOP-M42G5V1" name="org.execuation.CrossBrowserTesting" tests="1" failures="0" timestamp="25 Jun 2022 03:50:23 GMT" time="18.849" errors="0">
  <testcase name="sample3" time="18.849" classname="org.execuation.CrossBrowserTesting"/>
</testsuite> <!-- org.execuation.CrossBrowserTesting -->
