<?xml version="1.0" encoding="UTF-8"?>
<!-- Generated by org.testng.reporters.JUnitReportReporter -->
<testsuite skipped="0" hostname="DESKTOP-M42G5V1" name="org.execuation.TestExe2" tests="3" failures="0" timestamp="25 Jun 2022 03:33:33 GMT" time="46.867" errors="0">
  <testcase name="sample3" time="22.303" classname="org.execuation.TestExe2"/>
  <testcase name="sample3" time="13.555" classname="org.execuation.TestExe2"/>
  <testcase name="sample3" time="11.009" classname="org.execuation.TestExe2"/>
</testsuite> <!-- org.execuation.TestExe2 -->
